<?xml version="1.0" ?>
<coverage branch-rate="1" branches-covered="2" branches-valid="2" complexity="0" line-rate="0.5476" lines-covered="23" lines-valid="42" timestamp="1547433744694" version="4.5.2">
	<!-- Generated by coverage.py: https://coverage.readthedocs.io -->
	<!-- Based on https://raw.githubusercontent.com/cobertura/web/master/htdocs/xml/coverage-04.dtd -->
	<sources>
		<source>/home/a9fb1e/github-work/python3-template</source>
	</sources>
	<packages>
		<package branch-rate="1" complexity="0" line-rate="1" name="dummypackage">
			<classes>
				<class branch-rate="1" complexity="0" filename="dummypackage/__init__.py" line-rate="1" name="__init__.py">
					<methods/>
					<lines/>
				</class>
				<class branch-rate="1" complexity="0" filename="dummypackage/bar_module.py" line-rate="1" name="bar_module.py">
					<methods/>
					<lines>
						<line hits="1" number="4"/>
						<line hits="1" number="8"/>
						<line hits="1" number="11"/>
						<line hits="1" number="16"/>
						<line hits="1" number="21"/>
						<line hits="1" number="22"/>
						<line hits="1" number="24"/>
						<line hits="1" number="28"/>
						<line hits="1" number="29"/>
					</lines>
				</class>
				<class branch-rate="1" complexity="0" filename="dummypackage/foo_module.py" line-rate="1" name="foo_module.py">
					<methods/>
					<lines>
						<line hits="1" number="4"/>
						<line hits="1" number="9"/>
						<line hits="1" number="14"/>
						<line hits="1" number="18"/>
						<line hits="1" number="19"/>
						<line hits="1" number="20"/>
						<line hits="1" number="22"/>
						<line hits="1" number="26"/>
						<line hits="1" number="28"/>
						<line hits="1" number="32"/>
						<line branch="true" condition-coverage="100% (2/2)" hits="1" number="33"/>
						<line hits="1" number="34"/>
						<line hits="1" number="36"/>
						<line hits="1" number="40"/>
					</lines>
				</class>
			</classes>
		</package>
		<package branch-rate="1" complexity="0" line-rate="0" name="dummypackage.nested">
			<classes>
				<class branch-rate="1" complexity="0" filename="dummypackage/nested/__init__.py" line-rate="1" name="__init__.py">
					<methods/>
					<lines/>
				</class>
				<class branch-rate="1" complexity="0" filename="dummypackage/nested/baz_module.py" line-rate="0" name="baz_module.py">
					<methods/>
					<lines>
						<line hits="0" number="4"/>
						<line hits="0" number="10"/>
						<line hits="0" number="14"/>
						<line hits="0" number="15"/>
						<line hits="0" number="16"/>
						<line hits="0" number="17"/>
						<line hits="0" number="18"/>
						<line hits="0" number="19"/>
						<line hits="0" number="20"/>
						<line hits="0" number="21"/>
						<line hits="0" number="22"/>
						<line hits="0" number="23"/>
						<line hits="0" number="24"/>
						<line hits="0" number="25"/>
						<line hits="0" number="26"/>
						<line hits="0" number="27"/>
						<line hits="0" number="28"/>
						<line hits="0" number="29"/>
						<line hits="0" number="30"/>
					</lines>
				</class>
			</classes>
		</package>
	</packages>
</coverage>
